Added Component: Designator=C?(CAPC1608X90X40LL10T20)
Added Component: Designator=C?(FP-GRM155-0_05-IPC_B)
Added Component: Designator=C?(CAPC1608X90X40LL10T20)
Added Component: Designator=C?(FP-GRM155-0_05-IPC_B)
Added Component: Designator=C?(FP-C1005-050-0_05-IPC_A)
Added Component: Designator=C?(FP-GRM155-0_05-IPC_B)
Added Component: Designator=C?(FP-GRM155-0_05-IPC_B)
Added Component: Designator=C?(FP-GRM155-0_05-IPC_B)
Added Component: Designator=C?(CAPC1608X90X35LL15T15)
Added Component: Designator=C?(CAP 0402_1005)
Add component (AddParameter): Name = "VALUE"; Value = "100nF"; VariantName = "[No Variations]"
Added Component: Designator=C?(FP-GRM155-0_05-IPC_B)
Added Component: Designator=C?(FP-GRM155-0_05-IPC_B)
Added Component: Designator=C?(CAPC1608X90X35LL15T15)
Added Component: Designator=C?(FP-GRM155-0_05-IPC_B)
Added Component: Designator=C?(CAP_1206)
Add component (AddParameter): Name = "Alternate Part Number-1"; Value = "GRT31CR61H106ME01L"; VariantName = "[No Variations]"
Add component (AddParameter): Name = "Case/Package"; Value = "1206"; VariantName = "[No Variations]"
Add component (AddParameter): Name = "Manufacturer"; Value = "KEMET"; VariantName = "[No Variations]"
Add component (AddParameter): Name = "Manufacturer Part Number"; Value = "CL31B106KBHNNNE"; VariantName = "[No Variations]"
Add component (AddParameter): Name = "Supplier Part Number-1"; Value = "CC1206KKX5R9BB106"; VariantName = "[No Variations]"
Add component (AddParameter): Name = "Supplier-1"; Value = "SIRICOM"; VariantName = "[No Variations]"
Added Component: Designator=C?(CAP_0805)
Add component (AddParameter): Name = "Alternate Part Number-1"; Value = "0805F105M500NT"; VariantName = "[No Variations]"
Add component (AddParameter): Name = "Case/Package"; Value = "0805"; VariantName = "[No Variations]"
Add component (AddParameter): Name = "Manufacturer"; Value = "Samsung"; VariantName = "[No Variations]"
Add component (AddParameter): Name = "Manufacturer Part Number"; Value = "CC0805JKX7R9BB105"; VariantName = "[No Variations]"
Add component (AddParameter): Name = "Supplier Part Number-1"; Value = "CL21B105KBFNNNE"; VariantName = "[No Variations]"
Add component (AddParameter): Name = "Supplier-1"; Value = "SIRICOM"; VariantName = "[No Variations]"
Added Component: Designator=C?(ACAP_P305_D393_H393_RAD)
Add component (AddParameter): Name = "Alternate Part Number-1"; Value = "VEU101M1HTR-1010"; VariantName = "[No Variations]"
Add component (AddParameter): Name = "Case/Package"; Value = "Radial-SMD"; VariantName = "[No Variations]"
Add component (AddParameter): Name = "Manufacturer"; Value = "Nichicon"; VariantName = "[No Variations]"
Add component (AddParameter): Name = "Manufacturer Part Number"; Value = "GYA1H101MCQ1GS"; VariantName = "[No Variations]"
Add component (AddParameter): Name = "Supplier Part Number-1"; Value = "GYA1H101MCQ1GS"; VariantName = "[No Variations]"
Add component (AddParameter): Name = "Supplier-1"; Value = "SP ROAD"; VariantName = "[No Variations]"
Added Component: Designator=C?(CAP 0402_1005)
Add component (AddParameter): Name = "VALUE"; Value = "100nF"; VariantName = "[No Variations]"
Added Component: Designator=C?(ACAP_P305_D393_H393_RAD)
Add component (AddParameter): Name = "Alternate Part Number-1"; Value = "VEU101M1HTR-1010"; VariantName = "[No Variations]"
Add component (AddParameter): Name = "Case/Package"; Value = "Radial-SMD"; VariantName = "[No Variations]"
Add component (AddParameter): Name = "Manufacturer"; Value = "Nichicon"; VariantName = "[No Variations]"
Add component (AddParameter): Name = "Manufacturer Part Number"; Value = "GYA1H101MCQ1GS"; VariantName = "[No Variations]"
Add component (AddParameter): Name = "Supplier Part Number-1"; Value = "GYA1H101MCQ1GS"; VariantName = "[No Variations]"
Add component (AddParameter): Name = "Supplier-1"; Value = "SP ROAD"; VariantName = "[No Variations]"
Added Component: Designator=C?(CAP_1206)
Add component (AddParameter): Name = "Alternate Part Number-1"; Value = "GRT31CR61H106ME01L"; VariantName = "[No Variations]"
Add component (AddParameter): Name = "Case/Package"; Value = "1206"; VariantName = "[No Variations]"
Add component (AddParameter): Name = "Manufacturer"; Value = "KEMET"; VariantName = "[No Variations]"
Add component (AddParameter): Name = "Manufacturer Part Number"; Value = "CL31B106KBHNNNE"; VariantName = "[No Variations]"
Add component (AddParameter): Name = "Supplier Part Number-1"; Value = "CC1206KKX5R9BB106"; VariantName = "[No Variations]"
Add component (AddParameter): Name = "Supplier-1"; Value = "SIRICOM"; VariantName = "[No Variations]"
Added Component: Designator=C?(CAP_0805)
Add component (AddParameter): Name = "Alternate Part Number-1"; Value = "NA"; VariantName = "[No Variations]"
Add component (AddParameter): Name = "Case/Package"; Value = "0805"; VariantName = "[No Variations]"
Add component (AddParameter): Name = "Manufacturer"; Value = "Samsung"; VariantName = "[No Variations]"
Add component (AddParameter): Name = "Manufacturer Part Number"; Value = "CL21B104KBCNNNC"; VariantName = "[No Variations]"
Add component (AddParameter): Name = "Supplier Part Number-1"; Value = "0805B104K500CT"; VariantName = "[No Variations]"
Add component (AddParameter): Name = "Supplier-1"; Value = "SIRICOM"; VariantName = "[No Variations]"
Added Component: Designator=C?(CAP_0805)
Add component (AddParameter): Name = "Alternate Part Number-1"; Value = "NA"; VariantName = "[No Variations]"
Add component (AddParameter): Name = "Case/Package"; Value = "0805"; VariantName = "[No Variations]"
Add component (AddParameter): Name = "Manufacturer"; Value = "Murata"; VariantName = "[No Variations]"
Add component (AddParameter): Name = "Manufacturer Part Number"; Value = "CL21C101JC61PNC"; VariantName = "[No Variations]"
Add component (AddParameter): Name = "Supplier Part Number-1"; Value = "0805N101J101CT"; VariantName = "[No Variations]"
Add component (AddParameter): Name = "Supplier-1"; Value = "SIRICOM"; VariantName = "[No Variations]"
Added Component: Designator=C?(FP-GRM155-0_05-IPC_B)
Added Component: Designator=C?(FP-GRM155-0_05-IPC_B)
Added Component: Designator=C?(ACAP_P305_D393_H393_RAD)
Add component (AddParameter): Name = "Alternate Part Number-1"; Value = "VEU101M1HTR-1010"; VariantName = "[No Variations]"
Add component (AddParameter): Name = "Case/Package"; Value = "Radial-SMD"; VariantName = "[No Variations]"
Add component (AddParameter): Name = "Manufacturer"; Value = "Nichicon"; VariantName = "[No Variations]"
Add component (AddParameter): Name = "Manufacturer Part Number"; Value = "GYA1H101MCQ1GS"; VariantName = "[No Variations]"
Add component (AddParameter): Name = "Supplier Part Number-1"; Value = "GYA1H101MCQ1GS"; VariantName = "[No Variations]"
Add component (AddParameter): Name = "Supplier-1"; Value = "SP ROAD"; VariantName = "[No Variations]"
Added Component: Designator=C?(CAP_0805)
Add component (AddParameter): Name = "Alternate Part Number-1"; Value = "NA"; VariantName = "[No Variations]"
Add component (AddParameter): Name = "Case/Package"; Value = "0805"; VariantName = "[No Variations]"
Add component (AddParameter): Name = "Manufacturer"; Value = "Samsung"; VariantName = "[No Variations]"
Add component (AddParameter): Name = "Manufacturer Part Number"; Value = "CL21B104KBCNNNC"; VariantName = "[No Variations]"
Add component (AddParameter): Name = "Supplier Part Number-1"; Value = "0805B104K500CT"; VariantName = "[No Variations]"
Add component (AddParameter): Name = "Supplier-1"; Value = "SIRICOM"; VariantName = "[No Variations]"
Added Component: Designator=C?(CAP_0805)
Add component (AddParameter): Name = "Alternate Part Number-1"; Value = "0805F105M500NT"; VariantName = "[No Variations]"
Add component (AddParameter): Name = "Case/Package"; Value = "0805"; VariantName = "[No Variations]"
Add component (AddParameter): Name = "Manufacturer"; Value = "Samsung"; VariantName = "[No Variations]"
Add component (AddParameter): Name = "Manufacturer Part Number"; Value = "CC0805JKX7R9BB105"; VariantName = "[No Variations]"
Add component (AddParameter): Name = "Supplier Part Number-1"; Value = "CL21B105KBFNNNE"; VariantName = "[No Variations]"
Add component (AddParameter): Name = "Supplier-1"; Value = "SIRICOM"; VariantName = "[No Variations]"
Added Component: Designator=C?(FP-593DA-MFG)
Added Component: Designator=C?(FP-C0402-BB-MFG)
Added Component: Designator=C?(CAPC1608X90X40LL10T20)
Added Component: Designator=C?(FP-C0402-BB-MFG)
Added Component: Designator=C?(FP-C0402-BB-MFG)
Added Component: Designator=C?(FP-C0402-BB-MFG)
Added Component: Designator=C?(CAPC1608X90X40LL10T20)
Added Component: Designator=C?(FP-C0402-BB-MFG)
Added Component: Designator=C?(FP-C0402-BB-MFG)
Added Component: Designator=C?(FP-593DA-MFG)
Added Component: Designator=C?(CAPC1608X90X40LL10T20)
Added Component: Designator=C?(FP-C0402-BB-MFG)
Added Component: Designator=C?(FP-C0402-BB-MFG)
Added Component: Designator=C?(CAPC1608X90X40LL10T20)
Added Component: Designator=C?(FP-GRM155-0_05-IPC_B)
Added Component: Designator=C?(FP-C1005-050-0_05-IPC_A)
Added Component: Designator=C?(FP-GRM155-0_05-IPC_B)
Added Component: Designator=C?(CAP 0402_1005)
Add component (AddParameter): Name = "VALUE"; Value = "100nF"; VariantName = "[No Variations]"
Added Component: Designator=C?(CAP 0402_1005)
Add component (AddParameter): Name = "VALUE"; Value = "100nF"; VariantName = "[No Variations]"
Added Component: Designator=C?(FP-GRM155-0_05-IPC_B)
Added Component: Designator=C?(FP-C0402-BB-MFG)
Added Component: Designator=C?(FP-C0402-BB-MFG)
Added Component: Designator=C?(FP-C0402-BB-MFG)
Added Component: Designator=C?(CAPC1608X90X40LL10T20)
Added Component: Designator=C?(FP-C0402-BB-MFG)
Added Component: Designator=C?(CAPC1608X90X40LL10T20)
Added Component: Designator=C?(FP-593DA-MFG)
Added Component: Designator=D?(DIO_SOD-923)
Add component (AddParameter): Name = "Alternate Part Number-1"; Value = "NA"; VariantName = "[No Variations]"
Add component (AddParameter): Name = "Case/Package"; Value = "SOD923"; VariantName = "[No Variations]"
Add component (AddParameter): Name = "Manufacturer"; Value = "Micro Commercial Co"; VariantName = "[No Variations]"
Add component (AddParameter): Name = "Manufacturer Part Number"; Value = "ESD3V3D9-TP"; VariantName = "[No Variations]"
Add component (AddParameter): Name = "Supplier Part Number-1"; Value = "ESD3V3D9-TPMSCT-ND - Cut Tape (CT)"; VariantName = "[No Variations]"
Add component (AddParameter): Name = "Supplier-1"; Value = "Digikey"; VariantName = "[No Variations]"
Added Component: Designator=D?(DIO_SOD-923)
Add component (AddParameter): Name = "Alternate Part Number-1"; Value = "NA"; VariantName = "[No Variations]"
Add component (AddParameter): Name = "Case/Package"; Value = "SOD923"; VariantName = "[No Variations]"
Add component (AddParameter): Name = "Manufacturer"; Value = "Micro Commercial Co"; VariantName = "[No Variations]"
Add component (AddParameter): Name = "Manufacturer Part Number"; Value = "ESD3V3D9-TP"; VariantName = "[No Variations]"
Add component (AddParameter): Name = "Supplier Part Number-1"; Value = "ESD3V3D9-TPMSCT-ND - Cut Tape (CT)"; VariantName = "[No Variations]"
Add component (AddParameter): Name = "Supplier-1"; Value = "Digikey"; VariantName = "[No Variations]"
Added Component: Designator=D?(DIO_SOD-923)
Add component (AddParameter): Name = "Alternate Part Number-1"; Value = "NA"; VariantName = "[No Variations]"
Add component (AddParameter): Name = "Case/Package"; Value = "SOD923"; VariantName = "[No Variations]"
Add component (AddParameter): Name = "Manufacturer"; Value = "Micro Commercial Co"; VariantName = "[No Variations]"
Add component (AddParameter): Name = "Manufacturer Part Number"; Value = "ESD3V3D9-TP"; VariantName = "[No Variations]"
Add component (AddParameter): Name = "Supplier Part Number-1"; Value = "ESD3V3D9-TPMSCT-ND - Cut Tape (CT)"; VariantName = "[No Variations]"
Add component (AddParameter): Name = "Supplier-1"; Value = "Digikey"; VariantName = "[No Variations]"
Added Component: Designator=D?(DIO_SOD-923)
Add component (AddParameter): Name = "Alternate Part Number-1"; Value = "NA"; VariantName = "[No Variations]"
Add component (AddParameter): Name = "Case/Package"; Value = "SOD923"; VariantName = "[No Variations]"
Add component (AddParameter): Name = "Manufacturer"; Value = "Micro Commercial Co"; VariantName = "[No Variations]"
Add component (AddParameter): Name = "Manufacturer Part Number"; Value = "ESD3V3D9-TP"; VariantName = "[No Variations]"
Add component (AddParameter): Name = "Supplier Part Number-1"; Value = "ESD3V3D9-TPMSCT-ND - Cut Tape (CT)"; VariantName = "[No Variations]"
Add component (AddParameter): Name = "Supplier-1"; Value = "Digikey"; VariantName = "[No Variations]"
Added Component: Designator=D?(FP-APHHS1005CGCK-MFG)
Added Component: Designator=D?(FP-APHHS1005CGCK-MFG)
Added Component: Designator=D?(DIO_SOD-123)
Add component (AddParameter): Name = "Alternate Part Number-1"; Value = "NA"; VariantName = "[No Variations]"
Add component (AddParameter): Name = "Case/Package"; Value = "SOD-123"; VariantName = "[No Variations]"
Add component (AddParameter): Name = "Manufacturer"; Value = "Diodes Incorporated"; VariantName = "[No Variations]"
Add component (AddParameter): Name = "Manufacturer Part Number"; Value = "BZT52C3V3-7-F"; VariantName = "[No Variations]"
Add component (AddParameter): Name = "Supplier Part Number-1"; Value = "BZT52C3V3-FDICT-ND"; VariantName = "[No Variations]"
Add component (AddParameter): Name = "Supplier-1"; Value = "Digikey"; VariantName = "[No Variations]"
Added Component: Designator=D?(DIO_SMB_DO-214AA)
Add component (AddParameter): Name = "Alternate Part Number-1"; Value = "NA"; VariantName = "[No Variations]"
Add component (AddParameter): Name = "Case/Package"; Value = "SMB"; VariantName = "[No Variations]"
Add component (AddParameter): Name = "Manufacturer"; Value = "ON Semiconductor"; VariantName = "[No Variations]"
Add component (AddParameter): Name = "Manufacturer Part Number"; Value = "MBRS130LT3G"; VariantName = "[No Variations]"
Add component (AddParameter): Name = "Supplier Part Number-1"; Value = "MBRS130LT3G"; VariantName = "[No Variations]"
Add component (AddParameter): Name = "Supplier-1"; Value = "ARROW"; VariantName = "[No Variations]"
Added Component: Designator=D?(DIO_SOD-923)
Add component (AddParameter): Name = "Alternate Part Number-1"; Value = "NA"; VariantName = "[No Variations]"
Add component (AddParameter): Name = "Case/Package"; Value = "SOD923"; VariantName = "[No Variations]"
Add component (AddParameter): Name = "Manufacturer"; Value = "Micro Commercial Co"; VariantName = "[No Variations]"
Add component (AddParameter): Name = "Manufacturer Part Number"; Value = "ESD3V3D9-TP"; VariantName = "[No Variations]"
Add component (AddParameter): Name = "Supplier Part Number-1"; Value = "ESD3V3D9-TPMSCT-ND - Cut Tape (CT)"; VariantName = "[No Variations]"
Add component (AddParameter): Name = "Supplier-1"; Value = "Digikey"; VariantName = "[No Variations]"
Added Component: Designator=D?(DIO_SOD-923)
Add component (AddParameter): Name = "Alternate Part Number-1"; Value = "NA"; VariantName = "[No Variations]"
Add component (AddParameter): Name = "Case/Package"; Value = "SOD923"; VariantName = "[No Variations]"
Add component (AddParameter): Name = "Manufacturer"; Value = "Micro Commercial Co"; VariantName = "[No Variations]"
Add component (AddParameter): Name = "Manufacturer Part Number"; Value = "ESD3V3D9-TP"; VariantName = "[No Variations]"
Add component (AddParameter): Name = "Supplier Part Number-1"; Value = "ESD3V3D9-TPMSCT-ND - Cut Tape (CT)"; VariantName = "[No Variations]"
Add component (AddParameter): Name = "Supplier-1"; Value = "Digikey"; VariantName = "[No Variations]"
Added Component: Designator=D?(DIO_SOD-923)
Add component (AddParameter): Name = "Alternate Part Number-1"; Value = "NA"; VariantName = "[No Variations]"
Add component (AddParameter): Name = "Case/Package"; Value = "SOD923"; VariantName = "[No Variations]"
Add component (AddParameter): Name = "Manufacturer"; Value = "Micro Commercial Co"; VariantName = "[No Variations]"
Add component (AddParameter): Name = "Manufacturer Part Number"; Value = "ESD3V3D9-TP"; VariantName = "[No Variations]"
Add component (AddParameter): Name = "Supplier Part Number-1"; Value = "ESD3V3D9-TPMSCT-ND - Cut Tape (CT)"; VariantName = "[No Variations]"
Add component (AddParameter): Name = "Supplier-1"; Value = "Digikey"; VariantName = "[No Variations]"
Added Component: Designator=D?(DIO_SOD-923)
Add component (AddParameter): Name = "Alternate Part Number-1"; Value = "NA"; VariantName = "[No Variations]"
Add component (AddParameter): Name = "Case/Package"; Value = "SOD923"; VariantName = "[No Variations]"
Add component (AddParameter): Name = "Manufacturer"; Value = "Micro Commercial Co"; VariantName = "[No Variations]"
Add component (AddParameter): Name = "Manufacturer Part Number"; Value = "ESD3V3D9-TP"; VariantName = "[No Variations]"
Add component (AddParameter): Name = "Supplier Part Number-1"; Value = "ESD3V3D9-TPMSCT-ND - Cut Tape (CT)"; VariantName = "[No Variations]"
Add component (AddParameter): Name = "Supplier-1"; Value = "Digikey"; VariantName = "[No Variations]"
Added Component: Designator=D?(DIO_SOD-923)
Add component (AddParameter): Name = "Alternate Part Number-1"; Value = "NA"; VariantName = "[No Variations]"
Add component (AddParameter): Name = "Case/Package"; Value = "SOD923"; VariantName = "[No Variations]"
Add component (AddParameter): Name = "Manufacturer"; Value = "Micro Commercial Co"; VariantName = "[No Variations]"
Add component (AddParameter): Name = "Manufacturer Part Number"; Value = "ESD3V3D9-TP"; VariantName = "[No Variations]"
Add component (AddParameter): Name = "Supplier Part Number-1"; Value = "ESD3V3D9-TPMSCT-ND - Cut Tape (CT)"; VariantName = "[No Variations]"
Add component (AddParameter): Name = "Supplier-1"; Value = "Digikey"; VariantName = "[No Variations]"
Added Component: Designator=D?(DIO_SOD-923)
Add component (AddParameter): Name = "Alternate Part Number-1"; Value = "NA"; VariantName = "[No Variations]"
Add component (AddParameter): Name = "Case/Package"; Value = "SOD923"; VariantName = "[No Variations]"
Add component (AddParameter): Name = "Manufacturer"; Value = "Micro Commercial Co"; VariantName = "[No Variations]"
Add component (AddParameter): Name = "Manufacturer Part Number"; Value = "ESD3V3D9-TP"; VariantName = "[No Variations]"
Add component (AddParameter): Name = "Supplier Part Number-1"; Value = "ESD3V3D9-TPMSCT-ND - Cut Tape (CT)"; VariantName = "[No Variations]"
Add component (AddParameter): Name = "Supplier-1"; Value = "Digikey"; VariantName = "[No Variations]"
Added Component: Designator=D?(DIO_SOD-923)
Add component (AddParameter): Name = "Alternate Part Number-1"; Value = "NA"; VariantName = "[No Variations]"
Add component (AddParameter): Name = "Case/Package"; Value = "SOD923"; VariantName = "[No Variations]"
Add component (AddParameter): Name = "Manufacturer"; Value = "Micro Commercial Co"; VariantName = "[No Variations]"
Add component (AddParameter): Name = "Manufacturer Part Number"; Value = "ESD3V3D9-TP"; VariantName = "[No Variations]"
Add component (AddParameter): Name = "Supplier Part Number-1"; Value = "ESD3V3D9-TPMSCT-ND - Cut Tape (CT)"; VariantName = "[No Variations]"
Add component (AddParameter): Name = "Supplier-1"; Value = "Digikey"; VariantName = "[No Variations]"
Added Component: Designator=D?(DIO_SOD-923)
Add component (AddParameter): Name = "Alternate Part Number-1"; Value = "NA"; VariantName = "[No Variations]"
Add component (AddParameter): Name = "Case/Package"; Value = "SOD923"; VariantName = "[No Variations]"
Add component (AddParameter): Name = "Manufacturer"; Value = "Micro Commercial Co"; VariantName = "[No Variations]"
Add component (AddParameter): Name = "Manufacturer Part Number"; Value = "ESD3V3D9-TP"; VariantName = "[No Variations]"
Add component (AddParameter): Name = "Supplier Part Number-1"; Value = "ESD3V3D9-TPMSCT-ND - Cut Tape (CT)"; VariantName = "[No Variations]"
Add component (AddParameter): Name = "Supplier-1"; Value = "Digikey"; VariantName = "[No Variations]"
Added Component: Designator=E_NET_?(CON10_P106_RJ45_TH_ST)
Add component (AddParameter): Name = "Alternate Part Number-1"; Value = "NA"; VariantName = "[No Variations]"
Add component (AddParameter): Name = "Case/Package"; Value = "TH-CON"; VariantName = "[No Variations]"
Add component (AddParameter): Name = "Manufacturer"; Value = "Assmann"; VariantName = "[No Variations]"
Add component (AddParameter): Name = "Manufacturer Part Number"; Value = "A-2004-2-4-LPS-N-R"; VariantName = "[No Variations]"
Add component (AddParameter): Name = "Supplier Part Number-1"; Value = "A-2004-2-4-LPS-N-R"; VariantName = "[No Variations]"
Add component (AddParameter): Name = "Supplier-1"; Value = "SP ROAD"; VariantName = "[No Variations]"
Added Component: Designator=E_NET_?(CON10_P106_RJ45_TH_ST)
Add component (AddParameter): Name = "Alternate Part Number-1"; Value = "NA"; VariantName = "[No Variations]"
Add component (AddParameter): Name = "Case/Package"; Value = "TH-CON"; VariantName = "[No Variations]"
Add component (AddParameter): Name = "Manufacturer"; Value = "Assmann"; VariantName = "[No Variations]"
Add component (AddParameter): Name = "Manufacturer Part Number"; Value = "A-2004-2-4-LPS-N-R"; VariantName = "[No Variations]"
Add component (AddParameter): Name = "Supplier Part Number-1"; Value = "A-2004-2-4-LPS-N-R"; VariantName = "[No Variations]"
Add component (AddParameter): Name = "Supplier-1"; Value = "SP ROAD"; VariantName = "[No Variations]"
Added Component: Designator=E_NET_?(CON10_P106_RJ45_TH_ST)
Add component (AddParameter): Name = "Alternate Part Number-1"; Value = "NA"; VariantName = "[No Variations]"
Add component (AddParameter): Name = "Case/Package"; Value = "TH-CON"; VariantName = "[No Variations]"
Add component (AddParameter): Name = "Manufacturer"; Value = "Assmann"; VariantName = "[No Variations]"
Add component (AddParameter): Name = "Manufacturer Part Number"; Value = "A-2004-2-4-LPS-N-R"; VariantName = "[No Variations]"
Add component (AddParameter): Name = "Supplier Part Number-1"; Value = "A-2004-2-4-LPS-N-R"; VariantName = "[No Variations]"
Add component (AddParameter): Name = "Supplier-1"; Value = "SP ROAD"; VariantName = "[No Variations]"
Added Component: Designator=J?(FP-473460001-MFG)
Added Component: Designator=J?(694106301002)
Added Component: Designator=J?(FP-B6B-EH-A_LF_SN-MFG)
Added Component: Designator=MH?(MOUNTING)
Add component (AddParameter): Name = "Alternate Part Number-1"; Value = "NA"; VariantName = "[No Variations]"
Add component (AddParameter): Name = "Case/Package"; Value = "TH"; VariantName = "[No Variations]"
Add component (AddParameter): Name = "Manufacturer"; Value = "NA"; VariantName = "[No Variations]"
Add component (AddParameter): Name = "Manufacturer Part Number"; Value = "NA"; VariantName = "[No Variations]"
Add component (AddParameter): Name = "Supplier Part Number-1"; Value = "NA"; VariantName = "[No Variations]"
Add component (AddParameter): Name = "Supplier-1"; Value = "NA"; VariantName = "[No Variations]"
Added Component: Designator=MH?(MOUNTING)
Add component (AddParameter): Name = "Alternate Part Number-1"; Value = "NA"; VariantName = "[No Variations]"
Add component (AddParameter): Name = "Case/Package"; Value = "TH"; VariantName = "[No Variations]"
Add component (AddParameter): Name = "Manufacturer"; Value = "NA"; VariantName = "[No Variations]"
Add component (AddParameter): Name = "Manufacturer Part Number"; Value = "NA"; VariantName = "[No Variations]"
Add component (AddParameter): Name = "Supplier Part Number-1"; Value = "NA"; VariantName = "[No Variations]"
Add component (AddParameter): Name = "Supplier-1"; Value = "NA"; VariantName = "[No Variations]"
Added Component: Designator=MH?(MOUNTING)
Add component (AddParameter): Name = "Alternate Part Number-1"; Value = "NA"; VariantName = "[No Variations]"
Add component (AddParameter): Name = "Case/Package"; Value = "TH"; VariantName = "[No Variations]"
Add component (AddParameter): Name = "Manufacturer"; Value = "NA"; VariantName = "[No Variations]"
Add component (AddParameter): Name = "Manufacturer Part Number"; Value = "NA"; VariantName = "[No Variations]"
Add component (AddParameter): Name = "Supplier Part Number-1"; Value = "NA"; VariantName = "[No Variations]"
Add component (AddParameter): Name = "Supplier-1"; Value = "NA"; VariantName = "[No Variations]"
Added Component: Designator=MH?(MOUNTING)
Add component (AddParameter): Name = "Alternate Part Number-1"; Value = "NA"; VariantName = "[No Variations]"
Add component (AddParameter): Name = "Case/Package"; Value = "TH"; VariantName = "[No Variations]"
Add component (AddParameter): Name = "Manufacturer"; Value = "NA"; VariantName = "[No Variations]"
Add component (AddParameter): Name = "Manufacturer Part Number"; Value = "NA"; VariantName = "[No Variations]"
Add component (AddParameter): Name = "Supplier Part Number-1"; Value = "NA"; VariantName = "[No Variations]"
Add component (AddParameter): Name = "Supplier-1"; Value = "NA"; VariantName = "[No Variations]"
Added Component: Designator=P?(61300611121)
Added Component: Designator=P?(SLIN-GRPB041VWVN-RC_V)
Added Component: Designator=PWR(FP-APHHS1005CGCK-MFG)
Added Component: Designator=R?(RES_2512)
Add component (AddParameter): Name = "Alternate Part Number-1"; Value = "NA"; VariantName = "[No Variations]"
Add component (AddParameter): Name = "Case/Package"; Value = "2512"; VariantName = "[No Variations]"
Add component (AddParameter): Name = "Manufacturer"; Value = "Stackpole Electronics"; VariantName = "[No Variations]"
Add component (AddParameter): Name = "Manufacturer Part Number"; Value = "RCWE2512R100FKEA"; VariantName = "[No Variations]"
Add component (AddParameter): Name = "Supplier Part Number-1"; Value = "RCWE2512R100FKEA"; VariantName = "[No Variations]"
Add component (AddParameter): Name = "Supplier-1"; Value = "SIRICOM"; VariantName = "[No Variations]"
Added Component: Designator=R?(RES_2512)
Add component (AddParameter): Name = "Alternate Part Number-1"; Value = "NA"; VariantName = "[No Variations]"
Add component (AddParameter): Name = "Case/Package"; Value = "2512"; VariantName = "[No Variations]"
Add component (AddParameter): Name = "Manufacturer"; Value = "Stackpole Electronics"; VariantName = "[No Variations]"
Add component (AddParameter): Name = "Manufacturer Part Number"; Value = "RCWE2512R100FKEA"; VariantName = "[No Variations]"
Add component (AddParameter): Name = "Supplier Part Number-1"; Value = "RCWE2512R100FKEA"; VariantName = "[No Variations]"
Add component (AddParameter): Name = "Supplier-1"; Value = "SIRICOM"; VariantName = "[No Variations]"
Added Component: Designator=R?(RES_2512)
Add component (AddParameter): Name = "Alternate Part Number-1"; Value = "NA"; VariantName = "[No Variations]"
Add component (AddParameter): Name = "Case/Package"; Value = "2512"; VariantName = "[No Variations]"
Add component (AddParameter): Name = "Manufacturer"; Value = "Stackpole Electronics"; VariantName = "[No Variations]"
Add component (AddParameter): Name = "Manufacturer Part Number"; Value = "RCWE2512R100FKEA"; VariantName = "[No Variations]"
Add component (AddParameter): Name = "Supplier Part Number-1"; Value = "RCWE2512R100FKEA"; VariantName = "[No Variations]"
Add component (AddParameter): Name = "Supplier-1"; Value = "SIRICOM"; VariantName = "[No Variations]"
Added Component: Designator=R?(FP-ERJ2RK-MFG)
Added Component: Designator=R?(FP-ERJ2RK-MFG)
Added Component: Designator=R?(FP-ERJ2RK-MFG)
Added Component: Designator=SW?(FP-B3U-1000P-B-MFG)
Added Component: Designator=U?(FP-LQFP100-1L-MFG)
Added Component: Designator=U?(FP-LQFP100-1L-MFG)
Added Component: Designator=U?(FP-SSOP-28-MFG)
Added Component: Designator=U?(SOT223_3)
Add component (AddParameter): Name = "Alternate Part Number-1"; Value = "NA"; VariantName = "[No Variations]"
Add component (AddParameter): Name = "Case/Package"; Value = "SOT223"; VariantName = "[No Variations]"
Add component (AddParameter): Name = "Manufacturer"; Value = "STMicroelectronics"; VariantName = "[No Variations]"
Add component (AddParameter): Name = "Manufacturer Part Number"; Value = "LD1117S33CTR"; VariantName = "[No Variations]"
Add component (AddParameter): Name = "Supplier Part Number-1"; Value = "LD1117S33CTR"; VariantName = "[No Variations]"
Add component (AddParameter): Name = "Supplier-1"; Value = "SP ROAD"; VariantName = "[No Variations]"
Added Component: Designator=U?(QFN-ML28_M)
Added Component: Designator=U?(QFN-ML28_M)
Added Component: Designator=U?(XCVR_ESP8266-01/ESP-01)
Add component (AddParameter): Name = "Availability"; Value = "Unavailable"; VariantName = "[No Variations]"
Add component (AddParameter): Name = "MF"; Value = ""; VariantName = "[No Variations]"
Add component (AddParameter): Name = "MP"; Value = "ESP8266-01/ESP-01"; VariantName = "[No Variations]"
Add component (AddParameter): Name = "Package"; Value = "None"; VariantName = "[No Variations]"
Add component (AddParameter): Name = "Price"; Value = "None"; VariantName = "[No Variations]"
Add component (AddParameter): Name = "Value"; Value = ""; VariantName = "[No Variations]"
Added Component: Designator=U?(QFN-ML28_M)
Added Component: Designator=X?(ECS-80-18-5PX-TR_V)
Added Component: Designator=Y?(FP-ABM3-MFG)
Added Component: Designator=Y?(FP-ABS07-MFG)
Added Component: Designator=Y?(FP-ABM3-MFG)
Added Component: Designator=Y?(FP-ABM3-MFG)
Added Pin To Net: NetName=+3V3 Pin=C?-1
Added Pin To Net: NetName=+3V3 Pin=C?-2
Added Pin To Net: NetName=+3V3 Pin=C?-2
Added Pin To Net: NetName=+3V3 Pin=C?-2
Added Pin To Net: NetName=+3V3 Pin=C?-2
Added Pin To Net: NetName=+3V3 Pin=C?-2
Added Pin To Net: NetName=+3V3 Pin=C?-2
Added Pin To Net: NetName=+3V3 Pin=C?-2
Added Pin To Net: NetName=+3V3 Pin=C?-2
Added Pin To Net: NetName=+3V3 Pin=D?-K
Added Pin To Net: NetName=+3V3 Pin=R?-2
Added Pin To Net: NetName=+3V3 Pin=U?-2
Added Pin To Net: NetName=+3V3 Pin=U?-4
Added Pin To Net: NetName=+3V3 Pin=U?-4
Added Pin To Net: NetName=+3V3 Pin=U?-6
Added Pin To Net: NetName=+3V3 Pin=U?-8
Added Net: Name=+3V3
Added Net: Name=BOOT0
Added Net: Name=CS
Added Pin To Net: NetName=GND Pin=C?-1
Added Pin To Net: NetName=GND Pin=C?-1
Added Pin To Net: NetName=GND Pin=C?-1
Added Pin To Net: NetName=GND Pin=C?-1
Added Pin To Net: NetName=GND Pin=C?-1
Added Pin To Net: NetName=GND Pin=C?-1
Added Pin To Net: NetName=GND Pin=C?-1
Added Pin To Net: NetName=GND Pin=C?-1
Added Pin To Net: NetName=GND Pin=C?-1
Added Pin To Net: NetName=GND Pin=C?-1
Added Pin To Net: NetName=GND Pin=C?-1
Added Pin To Net: NetName=GND Pin=C?-2
Added Pin To Net: NetName=GND Pin=C?-2
Added Pin To Net: NetName=GND Pin=C?-2
Added Pin To Net: NetName=GND Pin=C?-2
Added Pin To Net: NetName=GND Pin=D?-A
Added Pin To Net: NetName=GND Pin=D?-A
Added Pin To Net: NetName=GND Pin=D?-A
Added Pin To Net: NetName=GND Pin=D?-A
Added Pin To Net: NetName=GND Pin=D?-A
Added Pin To Net: NetName=GND Pin=D?-A
Added Pin To Net: NetName=GND Pin=D?-A
Added Pin To Net: NetName=GND Pin=D?-A
Added Pin To Net: NetName=GND Pin=D?-A
Added Pin To Net: NetName=GND Pin=D?-A
Added Pin To Net: NetName=GND Pin=D?-A
Added Pin To Net: NetName=GND Pin=D?-A
Added Pin To Net: NetName=GND Pin=D?-A
Added Pin To Net: NetName=GND Pin=R?-1
Added Pin To Net: NetName=GND Pin=U?-1
Added Pin To Net: NetName=GND Pin=U?-1
Added Pin To Net: NetName=GND Pin=U?-7
Added Net: Name=GND
Added Net: Name=MISO
Added Net: Name=MOSI
Added Pin To Net: NetName=NetC?_2 Pin=C?-2
Added Net: Name=NetC?_2
Add Net: Net with name "NetC?_2" already exists
Add Net: Net with name "NetC?_2" already exists
Add Net: Net with name "NetC?_2" already exists
Add Net: Net with name "NetC?_2" already exists
Add Net: Net with name "NetC?_2" already exists
Add Net: Net with name "NetC?_2" already exists
Add Net: Net with name "NetC?_2" already exists
Add Net: Net with name "NetC?_2" already exists
Add Net: Net with name "NetC?_2" already exists
Add Net: Net with name "NetC?_2" already exists
Add Net: Net with name "NetC?_2" already exists
Added Pin To Net: NetName=NetD?_2 Pin=R?-2
Added Net: Name=NetD?_2
Add Net: Net with name "NetD?_2" already exists
Added Pin To Net: NetName=NetPWR_2 Pin=R?-1
Added Net: Name=NetPWR_2
Added Pin To Net: NetName=NetR?_1 Pin=R?-1
Added Net: Name=NetR?_1
Add Net: Net with name "NetR?_1" already exists
Added Pin To Net: NetName=NetR?_2 Pin=R?-2
Added Net: Name=NetR?_2
Add Net: Net with name "NetR?_2" already exists
Add Net: Net with name "NetR?_2" already exists
Added Pin To Net: NetName=OSC_IN_32 Pin=C?-2
Added Pin To Net: NetName=OSC_IN_32 Pin=U?-8
Added Net: Name=OSC_IN_32
Added Pin To Net: NetName=OSC_IN Pin=C?-1
Added Net: Name=OSC_IN
Added Pin To Net: NetName=OSC_OUT_32 Pin=C?-1
Added Net: Name=OSC_OUT_32
Added Pin To Net: NetName=OSC_OUT Pin=C?-1
Added Net: Name=OSC_OUT
Added Pin To Net: NetName=RD2_N Pin=D?-K
Added Pin To Net: NetName=RD2_N Pin=E_NET_?-6
Added Pin To Net: NetName=RD2_N Pin=U?-8
Added Net: Name=RD2_N
Added Pin To Net: NetName=RD2_P Pin=D?-K
Added Pin To Net: NetName=RD2_P Pin=E_NET_?-5
Added Net: Name=RD2_P
Added Pin To Net: NetName=RD3_N Pin=D?-K
Added Pin To Net: NetName=RD3_N Pin=E_NET_?-6
Added Pin To Net: NetName=RD3_N Pin=U?-8
Added Net: Name=RD3_N
Added Pin To Net: NetName=RD3_P Pin=D?-K
Added Pin To Net: NetName=RD3_P Pin=E_NET_?-5
Added Net: Name=RD3_P
Added Pin To Net: NetName=RD_N Pin=D?-K
Added Pin To Net: NetName=RD_N Pin=E_NET_?-6
Added Pin To Net: NetName=RD_N Pin=U?-8
Added Net: Name=RD_N
Added Pin To Net: NetName=RD_P Pin=D?-K
Added Pin To Net: NetName=RD_P Pin=E_NET_?-5
Added Net: Name=RD_P
Added Pin To Net: NetName=RESET Pin=C?-1
Added Net: Name=RESET
Added Pin To Net: NetName=RXD_WIFI Pin=U?-4
Added Net: Name=RXD_WIFI
Added Net: Name=SCK
Added Pin To Net: NetName=SPI2_MISO Pin=U?-2
Added Net: Name=SPI2_MISO
Added Pin To Net: NetName=SPI2_MOSI Pin=U?-3
Added Net: Name=SPI2_MOSI
Added Pin To Net: NetName=SPI2_NSS_VE_2 Pin=U?-5
Added Net: Name=SPI2_NSS_VE_2
Added Pin To Net: NetName=SPI2_SCK Pin=U?-4
Added Net: Name=SPI2_SCK
Added Pin To Net: NetName=SPI3_MISO Pin=U?-2
Added Net: Name=SPI3_MISO
Added Pin To Net: NetName=SPI3_MOSI Pin=U?-3
Added Net: Name=SPI3_MOSI
Added Pin To Net: NetName=SPI3_NSS_GATEWAY_E_3 Pin=U?-5
Added Net: Name=SPI3_NSS_GATEWAY_E_3
Added Pin To Net: NetName=SPI3_SCK Pin=U?-4
Added Net: Name=SPI3_SCK
Added Pin To Net: NetName=SPI4_MISO Pin=U?-2
Added Net: Name=SPI4_MISO
Added Pin To Net: NetName=SPI4_MOSI Pin=U?-3
Added Net: Name=SPI4_MOSI
Added Pin To Net: NetName=SPI4_NSS_VE_1 Pin=U?-3
Added Pin To Net: NetName=SPI4_NSS_VE_1 Pin=U?-5
Added Net: Name=SPI4_NSS_VE_1
Added Pin To Net: NetName=SPI4_SCK Pin=U?-1
Added Pin To Net: NetName=SPI4_SCK Pin=U?-4
Added Net: Name=SPI4_SCK
Added Net: Name=SWCLK
Added Net: Name=SWDIO
Added Pin To Net: NetName=TD2_N Pin=D?-K
Added Pin To Net: NetName=TD2_N Pin=E_NET_?-2
Added Net: Name=TD2_N
Added Pin To Net: NetName=TD2_P Pin=D?-K
Added Pin To Net: NetName=TD2_P Pin=E_NET_?-1
Added Net: Name=TD2_P
Added Pin To Net: NetName=TD3_N Pin=D?-K
Added Pin To Net: NetName=TD3_N Pin=E_NET_?-2
Added Net: Name=TD3_N
Added Pin To Net: NetName=TD3_P Pin=D?-K
Added Pin To Net: NetName=TD3_P Pin=E_NET_?-1
Added Net: Name=TD3_P
Added Pin To Net: NetName=TD_N Pin=D?-K
Added Pin To Net: NetName=TD_N Pin=E_NET_?-2
Added Net: Name=TD_N
Added Pin To Net: NetName=TD_P Pin=D?-K
Added Pin To Net: NetName=TD_P Pin=E_NET_?-1
Added Net: Name=TD_P
Added Pin To Net: NetName=TXD_WIFI Pin=U?-5
Added Net: Name=TXD_WIFI
Added Pin To Net: NetName=USB_RXD Pin=U?-5
Added Net: Name=USB_RXD
Added Pin To Net: NetName=USB_TXD Pin=U?-1
Added Net: Name=USB_TXD
Added Net: Name=USBD_N
Added Net: Name=USBD_P
Added Pin To Net: NetName=V_IN Pin=C?-1
Added Pin To Net: NetName=V_IN Pin=C?-1
Added Pin To Net: NetName=V_IN Pin=C?-1
Added Pin To Net: NetName=V_IN Pin=D?-A
Added Net: Name=V_IN
Added Class: Name=Ethernet_1
Added Class: Name=Ethernet_2
Added Class: Name=Ethernet_3
Added Class: Name=MCU
Added Class: Name=power supply
Added Class: Name=USB and aother interfaces
Added Differential Pair: Name=RD2
Added Differential Pair: Name=RD3
Added Differential Pair: Name=RD
Added Differential Pair: Name=TD2
Added Differential Pair: Name=TD3
Added Differential Pair: Name=TD
Add Differential Pair: Number of nets in differential pair USB_RXD is 1 instead of 2
Add Differential Pair: Number of nets in differential pair USB_TXD is 1 instead of 2
Added Differential Pair: Name=USBD
Added Room: Name=Ethernet_1
Added Room: Name=Ethernet_2
Added Room: Name=Ethernet_3
Added Room: Name=MCU
Added Room: Name=power supply
Added Room: Name=USB and aother interfaces
Added Class: Name=diff90
Added Class: Name=DIFF100
