Removed Pin From Net: NetName=RXD_WIFI Pin=B1-23
Removed Pin From Net: NetName=TD_P Pin=U4-
Added Component: Designator=U2(XCVR_ESP8266-01/ESP-01)
Add component (AddParameter): Name = "Availability"; Value = "Unavailable"; VariantName = "[No Variations]"
Add component (AddParameter): Name = "MF"; Value = ""; VariantName = "[No Variations]"
Add component (AddParameter): Name = "MP"; Value = "ESP8266-01/ESP-01"; VariantName = "[No Variations]"
Add component (AddParameter): Name = "Package"; Value = "None"; VariantName = "[No Variations]"
Add component (AddParameter): Name = "Price"; Value = "None"; VariantName = "[No Variations]"
Add component (AddParameter): Name = "Value"; Value = ""; VariantName = "[No Variations]"
Added Pin To Net: NetName=TXD_WIFI Pin=B1-23
Added Pin To Net: NetName=GND Pin=U2-1
Added Pin To Net: NetName=RXD_WIFI Pin=U2-4
Added Pin To Net: NetName=TXD_WIFI Pin=U2-5
Added Pin To Net: NetName=+3V3 Pin=U2-6
Added Pin To Net: NetName=+3V3 Pin=U2-8
Add Pin To Net: Unknown Pin: Pin U4-13
Add Differential Pair: Number of nets in differential pair USB_RXD is 1 instead of 2
Add Differential Pair: Number of nets in differential pair USB_TXD is 1 instead of 2
Added Member To Class: ClassName=MCU Member=Component U2 ESP8266-01/ESP-01
Added Room: Name=Ethernet_1
Added Room: Name=Ethernet_2
Added Room: Name=Ethernet_3
Added Room: Name=MCU
Added Room: Name=power supply
Added Room: Name=USB and aother interfaces
