Removed Pin From Net: NetName=SPI4_MISO Pin=U4-2
Removed Pin From Net: NetName=SPI4_MOSI Pin=U4-3
Removed Pin From Net: NetName=SPI4_SCK Pin=U4-4
Removed Pin From Net: NetName=SPI4_NSS_VE_1 Pin=U4-5
Removed Pin From Net: NetName=GND Pin=U4-7
Removed Pin From Net: NetName=RD_N Pin=U4-8
Removed Pin From Net: NetName=RD_P Pin=U4-9
Removed Pin From Net: NetName=NetR4_2 Pin=U4-10
Removed Pin From Net: NetName=+3V3 Pin=U4-11
Removed Pin From Net: NetName=T_N Pin=U4-12
Removed Pin From Net: NetName=GND Pin=U4-14
Removed Pin From Net: NetName=+3V3 Pin=U4-15
Removed Pin From Net: NetName=+3V3 Pin=U4-16
Removed Pin From Net: NetName=GND Pin=U4-17
Removed Pin From Net: NetName=GND Pin=U4-18
Removed Pin From Net: NetName=NetC34_2 Pin=U4-19
Removed Pin From Net: NetName=NetC35_2 Pin=U4-20
Removed Pin From Net: NetName=+3V3 Pin=U4-21
Removed Pin From Net: NetName=+3V3 Pin=U4-24
Removed Pin From Net: NetName=NetC36_2 Pin=U4-25
Removed Pin From Net: NetName=GND Pin=U4-26
Removed Pin From Net: NetName=GND Pin=U4-29
Removed Member From Class: ClassName=Ethernet_1 Member=U4
Added Component: Designator=U?(QFN-ML28_M)
Add component (AddParameter): Name = "Code_JEDEC"; Value = "MO-220"; VariantName = "[No Variations]"
Add component (AddParameter): Name = "ComponentLink1Description"; Value = "Manufacturer URL"; VariantName = "[No Variations]"
Add component (AddParameter): Name = "ComponentLink1URL"; Value = "http://www.microchip.com/"; VariantName = "[No Variations]"
Add component (AddParameter): Name = "ComponentLink2Description"; Value = "Datasheet"; VariantName = "[No Variations]"
Add component (AddParameter): Name = "ComponentLink2URL"; Value = "http://ww1.microchip.com/downloads/en/DeviceDoc/39662c.pdf"; VariantName = "[No Variations]"
Add component (AddParameter): Name = "ComponentLink3Description"; Value = "Package Specification"; VariantName = "[No Variations]"
Add component (AddParameter): Name = "ComponentLink3URL"; Value = "http://www.microchip.com/stellent/groups/techpub_sg/documents/packagingspec/en012702.pdf"; VariantName = "[No Variations]"
Add component (AddParameter): Name = "DatasheetVersion"; Value = "revC, Jan-2008"; VariantName = "[No Variations]"
Add component (AddParameter): Name = "PackageDescription"; Value = "28-Lead Plastic Quad Flat, No Lead Package (ML) - 6x6 mm Body [QFN] with 0.55 mm Contact Length"; VariantName = "[No Variations]"
Add component (AddParameter): Name = "PackageReference"; Value = "QFN-ML28"; VariantName = "[No Variations]"
Add component (AddParameter): Name = "PackageVersion"; Value = "revBB, Aug-2009"; VariantName = "[No Variations]"
Add component (AddParameter): Name = "RevisionNote"; Value = "URLs added."; VariantName = "[No Variations]"
Added Pin To Net: NetName=SPI4_MISO Pin=U?-2
Added Pin To Net: NetName=SPI4_MOSI Pin=U?-3
Added Pin To Net: NetName=SPI4_SCK Pin=U?-4
Added Pin To Net: NetName=SPI4_NSS_VE_1 Pin=U?-5
Added Pin To Net: NetName=GND Pin=U?-7
Added Pin To Net: NetName=RD_N Pin=U?-8
Added Pin To Net: NetName=RD_P Pin=U?-9
Added Pin To Net: NetName=NetR4_2 Pin=U?-10
Added Pin To Net: NetName=+3V3 Pin=U?-11
Added Pin To Net: NetName=T_N Pin=U?-12
Added Pin To Net: NetName=T_P Pin=U?-13
Added Pin To Net: NetName=GND Pin=U?-14
Added Pin To Net: NetName=+3V3 Pin=U?-15
Added Pin To Net: NetName=+3V3 Pin=U?-16
Added Pin To Net: NetName=GND Pin=U?-17
Added Pin To Net: NetName=GND Pin=U?-18
Added Pin To Net: NetName=NetC34_2 Pin=U?-19
Added Pin To Net: NetName=NetC35_2 Pin=U?-20
Added Pin To Net: NetName=+3V3 Pin=U?-21
Added Pin To Net: NetName=+3V3 Pin=U?-24
Added Pin To Net: NetName=NetC36_2 Pin=U?-25
Added Pin To Net: NetName=GND Pin=U?-26
Added Pin To Net: NetName=GND Pin=U?-29
Add Differential Pair: Number of nets in differential pair USB_RXD is 1 instead of 2
Add Differential Pair: Number of nets in differential pair USB_TXD is 1 instead of 2
Added Member To Class: ClassName=Ethernet_1 Member=Component U? ENC28J60-I/ML
Added Room: Name=Ethernet_1
Added Room: Name=Ethernet_2
Added Room: Name=Ethernet_3
Added Room: Name=MCU
Added Room: Name=power supply
Added Room: Name=USB and aother interfaces
