Removed Pin From Net: NetName=GND Pin=U?-1
Removed Pin From Net: NetName=RXD_WIFI Pin=U?-4
Removed Pin From Net: NetName=TXD_WIFI Pin=U?-5
Removed Pin From Net: NetName=+3V3 Pin=U?-6
Removed Pin From Net: NetName=+3V3 Pin=U?-8
Removed Member From Class: ClassName=USB and aother interfaces Member=D?
Removed Member From Class: ClassName=USB and aother interfaces Member=R?
Change Component Footprint: Designator=P? Old Footprint=61300611121 New Footprint=61300611121
Change Component Footprint: Designator=J? Old Footprint=694106301002 New Footprint=694106301002
Change Component Footprint: Designator=C? Old Footprint=FP-593DA-MFG New Footprint=FP-593DA-MFG
Change Component Footprint: Designator=C? Old Footprint=FP-593DA-MFG New Footprint=FP-593DA-MFG
Change Component Footprint: Designator=C? Old Footprint=FP-593DA-MFG New Footprint=FP-593DA-MFG
Change Component Footprint: Designator=U? Old Footprint=XCVR_ESP8266-01/ESP-01 New Footprint=FP-LQFP100-1L-MFG
Change Component Comment : Designator=U? Old Comment=ESP8266-01/ESP-01 New Comment=STM32F730V8T6
Change Managed Component Library Link : Designator=U? Old VaultGUID= New VaultGUID=B7D15EC3-160A-466F-A46C-7801FE6295A7 Old ItemGUID= New ItemGUID=0A598293-B94E-4317-A39C-9B06592C43FA Old RevisionGUID= New RevisionGUID=191428B7-7491-4768-98C3-01ED6820D5D2
Change component parameters: Designator = "U?" ("U?"); Footprint = "XCVR_ESP8266-01/ESP-01"; UniqueID = "\QIIIKGHY" ("\QIIIKGHY")
Change component parameters (AddParameter): Name = "Ambient Temperature Range High"; Value = "+85°C"; VariantName = "[No Variations]"
Change component parameters (AddParameter): Name = "Ambient Temperature Range Low"; Value = "-40°C"; VariantName = "[No Variations]"
Change component parameters (AddParameter): Name = "Automotive"; Value = "No"; VariantName = "[No Variations]"
Change component parameters (AddParameter): Name = "Category"; Value = "IC"; VariantName = "[No Variations]"
Change component parameters (AddParameter): Name = "ComponentLink2Description"; Value = "Datasheet"; VariantName = "[No Variations]"
Change component parameters (AddParameter): Name = "ComponentLink2URL"; Value = "https://www.st.com/resource/en/datasheet/stm32f730v8.pdf"; VariantName = "[No Variations]"
Change component parameters (AddParameter): Name = "Core Architecture"; Value = "ARM Cortex-M7"; VariantName = "[No Variations]"
Change component parameters (AddParameter): Name = "Data Bus Width"; Value = "32bits"; VariantName = "[No Variations]"
Change component parameters (AddParameter): Name = "Device Class L1"; Value = "Integrated Circuits (ICs)"; VariantName = "[No Variations]"
Change component parameters (AddParameter): Name = "Device Class L2"; Value = "Embedded Processors and Controllers"; VariantName = "[No Variations]"
Change component parameters (AddParameter): Name = "Device Class L3"; Value = "Microcontrollers"; VariantName = "[No Variations]"
Change component parameters (AddParameter): Name = "Digikey Description"; Value = "IC MCU 32BIT 64KB FLASH 100LQFP"; VariantName = "[No Variations]"
Change component parameters (AddParameter): Name = "Frequency"; Value = "216MHz"; VariantName = "[No Variations]"
Change component parameters (AddParameter): Name = "Height"; Value = "1.6mm"; VariantName = "[No Variations]"
Change component parameters (AddParameter): Name = "Interface"; Value = "I2C,SPI,UART,USART,CAN,USB,LIN,IrDA,I2S,SMBus,Other"; VariantName = "[No Variations]"
Change component parameters (AddParameter): Name = "Lead Free"; Value = "Yes"; VariantName = "[No Variations]"
Change component parameters (AddParameter): Name = "Manufacturer"; Value = "STMicroelectronics"; VariantName = "[No Variations]"
Change component parameters (AddParameter): Name = "Manufacturer Part Number"; Value = "STM32F730V8T6"; VariantName = "[No Variations]"
Change component parameters (AddParameter): Name = "Max Junction Temp"; Value = "+105°C"; VariantName = "[No Variations]"
Change component parameters (AddParameter): Name = "Max Supply Voltage"; Value = "3.6V"; VariantName = "[No Variations]"
Change component parameters (AddParameter): Name = "Memory Size"; Value = "64KBytes"; VariantName = "[No Variations]"
Change component parameters (AddParameter): Name = "Memory Type"; Value = "FLASH"; VariantName = "[No Variations]"
Change component parameters (AddParameter): Name = "Min Supply Voltage"; Value = "1.7V"; VariantName = "[No Variations]"
Change component parameters (AddParameter): Name = "Mouser Description"; Value = "MCU 32-Bit STM32F730V8 ARM Cortex M7 RISC 64KB Flash 1.8V/2.5V/3.3V 100-Pin LQFP Tray"; VariantName = "[No Variations]"
Change component parameters (AddParameter): Name = "Number Of A/D Converters"; Value = "3"; VariantName = "[No Variations]"
Change component parameters (AddParameter): Name = "Number Of Adc Channels"; Value = "16"; VariantName = "[No Variations]"
Change component parameters (AddParameter): Name = "Number Of Cores"; Value = "1"; VariantName = "[No Variations]"
Change component parameters (AddParameter): Name = "Number Of I2C Channels"; Value = "3"; VariantName = "[No Variations]"
Change component parameters (AddParameter): Name = "Number Of I/Os"; Value = "82"; VariantName = "[No Variations]"
Change component parameters (AddParameter): Name = "Number Of Pwm Channels"; Value = "8"; VariantName = "[No Variations]"
Change component parameters (AddParameter): Name = "Number Of Spi Channels"; Value = "5"; VariantName = "[No Variations]"
Change component parameters (AddParameter): Name = "Number Of Timers/Counters"; Value = "18"; VariantName = "[No Variations]"
Change component parameters (AddParameter): Name = "Number Of Uart Channels"; Value = "8"; VariantName = "[No Variations]"
Change component parameters (AddParameter): Name = "Number Of Usb Channels"; Value = "1"; VariantName = "[No Variations]"
Change component parameters (AddParameter): Name = "Octopart"; Value = "https://octopart.com/stm32f730v8t6-stmicroelectronics-94048541"; VariantName = "[No Variations]"
Change component parameters (AddParameter): Name = "Package"; Value = "LQFP100-1L"; VariantName = "[No Variations]"
Change component parameters (AddParameter): Name = "Ram Size"; Value = "256KBytes"; VariantName = "[No Variations]"
Change component parameters (AddParameter): Name = "RoHS"; Value = "TRUE"; VariantName = "[No Variations]"
Change component parameters (AddParameter): Name = "Standoff Height"; Value = "0.05mm"; VariantName = "[No Variations]"
Change component parameters (AddParameter): Name = "Temperature"; Value = "-40°C to +85°C"; VariantName = "[No Variations]"
Change component parameters (AddParameter): Name = "Temperature Range High"; Value = "+85°C"; VariantName = "[No Variations]"
Change component parameters (AddParameter): Name = "Temperature Range Low"; Value = "-40°C"; VariantName = "[No Variations]"
Add Component: Footprint Not Found XCVR_ESP8266-01/ESP-01
Added Pin To Net: NetName=GND Pin=U?-1
Added Pin To Net: NetName=RXD_WIFI Pin=U?-4
Added Pin To Net: NetName=TXD_WIFI Pin=U?-5
Added Pin To Net: NetName=+3V3 Pin=U?-6
Added Pin To Net: NetName=+3V3 Pin=U?-8
Added Pin To Net: NetName=OSC_IN_32 Pin=U?-8
Added Pin To Net: NetName=OSC_OUT_32 Pin=U?-9
Added Pin To Net: NetName=RESET Pin=U?-14
Added Pin To Net: NetName=MOSI Pin=U?-16
Added Pin To Net: NetName=MISO Pin=U?-17
Added Pin To Net: NetName=RXD_WIFI Pin=U?-22
Added Pin To Net: NetName=TXD_WIFI Pin=U?-23
Added Pin To Net: NetName=SCK Pin=U?-46
Added Pin To Net: NetName=SPI2_NSS_VE_2 Pin=U?-51
Added Pin To Net: NetName=SPI2_SCK Pin=U?-52
Added Pin To Net: NetName=SPI2_MISO Pin=U?-53
Added Pin To Net: NetName=SPI2_MOSI Pin=U?-54
Added Pin To Net: NetName=SWDIO Pin=U?-72
Added Pin To Net: NetName=SWCLK Pin=U?-76
Added Pin To Net: NetName=SPI3_NSS_GATEWAY_E_3 Pin=U?-77
Added Pin To Net: NetName=SPI3_SCK Pin=U?-78
Added Pin To Net: NetName=SPI3_MISO Pin=U?-79
Added Pin To Net: NetName=SPI3_MOSI Pin=U?-80
Added Pin To Net: NetName=CS Pin=U?-90
Added Pin To Net: NetName=BOOT0 Pin=U?-94
Add Net: Net with name "NetC?_2" already exists
Add Net: Net with name "NetC?_2" already exists
Add Net: Net with name "NetC?_2" already exists
Add Net: Net with name "NetC?_2" already exists
Add Net: Net with name "NetC?_2" already exists
Add Net: Net with name "NetC?_2" already exists
Add Net: Net with name "NetC?_2" already exists
Add Net: Net with name "NetC?_2" already exists
Add Net: Net with name "NetC?_2" already exists
Add Net: Net with name "NetC?_2" already exists
Add Net: Net with name "NetC?_2" already exists
Add Net: Net with name "NetD?_2" already exists
Add Net: Net with name "NetR?_1" already exists
Add Net: Net with name "NetR?_2" already exists
Add Net: Net with name "NetR?_2" already exists
Change Class Name : Old Net Name=USB and aother interfaces New Net Name=MCU
Added Class: Name=USB and aother interfaces
Add Differential Pair: Number of nets in differential pair USB_RXD is 1 instead of 2
Add Differential Pair: Number of nets in differential pair USB_TXD is 1 instead of 2
Added Member To Class: ClassName=Ethernet_1 Member=Component C? C0402C104K8RACTU
Added Member To Class: ClassName=Ethernet_1 Member=Component C? CC0603JRNPO9BN180
Added Member To Class: ClassName=Ethernet_1 Member=Component C? C0402C104K8RACTU
Added Member To Class: ClassName=Ethernet_1 Member=Component C? C0402C104K8RACTU
Added Member To Class: ClassName=Ethernet_1 Member=Component C? CC0603JRNPO9BN180
Added Member To Class: ClassName=Ethernet_1 Member=Component C? 593D106X9016A2TE3
Added Member To Class: ClassName=Ethernet_2 Member=Component C? CC0603JRNPO9BN180
Added Member To Class: ClassName=Ethernet_2 Member=Component C? CC0603JRNPO9BN180
Added Member To Class: ClassName=Ethernet_2 Member=Component C? C0402C104K8RACTU
Added Member To Class: ClassName=Ethernet_2 Member=Component C? C0402C104K8RACTU
Added Member To Class: ClassName=Ethernet_2 Member=Component C? 593D106X9016A2TE3
Added Member To Class: ClassName=Ethernet_2 Member=Component C? C0402C104K8RACTU
Added Member To Class: ClassName=Ethernet_3 Member=Component C? C0402C104K8RACTU
Added Member To Class: ClassName=Ethernet_3 Member=Component C? CC0603JRNPO9BN180
Added Member To Class: ClassName=Ethernet_3 Member=Component C? 593D106X9016A2TE3
Added Member To Class: ClassName=Ethernet_3 Member=Component C? C0402C104K8RACTU
Added Member To Class: ClassName=Ethernet_3 Member=Component C? CC0603JRNPO9BN180
Added Member To Class: ClassName=Ethernet_3 Member=Component C? C0402C104K8RACTU
Added Member To Class: ClassName=power supply Member=Component C? 100uF
Added Member To Class: ClassName=power supply Member=Component C? 10uF
Added Member To Class: ClassName=power supply Member=Component C? 1uF
Added Member To Class: ClassName=power supply Member=Component C? 0.1uF
Added Member To Class: ClassName=power supply Member=Component C? 0.1uF
Added Member To Class: ClassName=power supply Member=Component C? 1uF
Added Member To Class: ClassName=power supply Member=Component C? 100uF
Added Member To Class: ClassName=power supply Member=Component C? 100uF
Added Member To Class: ClassName=MCU Member=Component C? GRM155R71H104KE14D
Added Member To Class: ClassName=MCU Member=Component C? 1uF
Added Member To Class: ClassName=MCU Member=Component C? GRM155R71H104KE14D
Added Member To Class: ClassName=MCU Member=Component C? GRM155R71H104KE14D
Added Member To Class: ClassName=MCU Member=Component C? GRM155R71H104KE14D
Added Member To Class: ClassName=MCU Member=Component C? GRM155R71H104KE14D
Added Member To Class: ClassName=MCU Member=Component C? GRM155R71H104KE14D
Added Member To Class: ClassName=MCU Member=Component C? GRM155R71H104KE14D
Added Member To Class: ClassName=MCU Member=Component C? GRM155R71H104KE14D
Added Member To Class: ClassName=MCU Member=Component C? 4.7 µF
Added Member To Class: ClassName=MCU Member=Component C? C1005C0G1H070D050BA
Added Member To Class: ClassName=MCU Member=Component C? GRM155R71H104KE14D
Added Member To Class: ClassName=MCU Member=Component C? GRM155R71H104KE14D
Added Member To Class: ClassName=MCU Member=Component C? 100nF
Added Member To Class: ClassName=MCU Member=Component C? CC0603JRNPO9BN180
Added Member To Class: ClassName=MCU Member=Component C? C0603C225K9PACTU
Added Member To Class: ClassName=MCU Member=Component C? CC0603JRNPO9BN180
Added Member To Class: ClassName=MCU Member=Component C? GRM155R71H104KE14D
Added Member To Class: ClassName=MCU Member=Component C? GRM155R71H104KE14D
Added Member To Class: ClassName=MCU Member=Component C? C1005C0G1H070D050BA
Added Member To Class: ClassName=MCU Member=Component C? GRM155R71H104KE14D
Added Member To Class: ClassName=MCU Member=Component C? 100pF
Added Member To Class: ClassName=Ethernet_1 Member=Component D? ESD3V3D9-TP
Added Member To Class: ClassName=Ethernet_1 Member=Component D? ESD3V3D9-TP
Added Member To Class: ClassName=Ethernet_1 Member=Component D? ESD3V3D9-TP
Added Member To Class: ClassName=Ethernet_2 Member=Component D? ESD3V3D9-TP
Added Member To Class: ClassName=Ethernet_2 Member=Component D? ESD3V3D9-TP
Added Member To Class: ClassName=Ethernet_2 Member=Component D? ESD3V3D9-TP
Added Member To Class: ClassName=Ethernet_3 Member=Component D? ESD3V3D9-TP
Added Member To Class: ClassName=Ethernet_3 Member=Component D? ESD3V3D9-TP
Added Member To Class: ClassName=Ethernet_3 Member=Component D? ESD3V3D9-TP
Added Member To Class: ClassName=power supply Member=Component D? MBRS130LT3G
Added Member To Class: ClassName=power supply Member=Component MH? Mounting Hole
Added Member To Class: ClassName=power supply Member=Component MH? Mounting Hole
Added Member To Class: ClassName=power supply Member=Component MH? Mounting Hole
Added Member To Class: ClassName=MCU Member=Component P? GRPB041VWVN-RC
Added Member To Class: ClassName=MCU Member=Component P? 61300611121
Added Member To Class: ClassName=MCU Member=Component SW? B3U-1000P-B
Added Member To Class: ClassName=Ethernet_1 Member=Component U? ENC28J60-I/ML
Added Member To Class: ClassName=Ethernet_2 Member=Component U? ENC28J60-I/ML
Added Member To Class: ClassName=Ethernet_3 Member=Component U? ENC28J60-I/ML
Added Member To Class: ClassName=power supply Member=Component U? LD1117S33CTR
Added Member To Class: ClassName=MCU Member=Component U? ESP8266-01/ESP-01
Added Member To Class: ClassName=MCU Member=Component U? STM32F730V8T6
Added Member To Class: ClassName=MCU Member=Component U? STM32F730V8T6
Added Member To Class: ClassName=MCU Member=Component X? ECS-80-18-5PX-TR
Added Member To Class: ClassName=MCU Member=Component Y? ABS07-32.768KHZ-7-T
Added Room: Name=Ethernet_1
Added Room: Name=Ethernet_2
Added Room: Name=Ethernet_3
Added Room: Name=MCU
Added Room: Name=power supply
Added Room: Name=USB and aother interfaces
